Determining if the Q_WS_WIN exist failed with the following output:
Change Dir: /tmp/smartdec/build/CMakeFiles/CMakeTmp

Run Build Command:/usr/bin/make "cmTryCompileExec446149384/fast"
make[1]: Entering directory `/tmp/smartdec/build/CMakeFiles/CMakeTmp'
/usr/bin/make -f CMakeFiles/cmTryCompileExec446149384.dir/build.make CMakeFiles/cmTryCompileExec446149384.dir/build
make[2]: Entering directory `/tmp/smartdec/build/CMakeFiles/CMakeTmp'
/usr/bin/cmake -E cmake_progress_report /tmp/smartdec/build/CMakeFiles/CMakeTmp/CMakeFiles 1
Building CXX object CMakeFiles/cmTryCompileExec446149384.dir/CheckSymbolExists.cxx.o
/usr/bin/c++    -std=c++11  -I/usr/include/qt4    -o CMakeFiles/cmTryCompileExec446149384.dir/CheckSymbolExists.cxx.o -c /tmp/smartdec/build/CMakeFiles/CMakeTmp/CheckSymbolExists.cxx
/tmp/smartdec/build/CMakeFiles/CMakeTmp/CheckSymbolExists.cxx: In function ‘int main(int, char**)’:
/tmp/smartdec/build/CMakeFiles/CMakeTmp/CheckSymbolExists.cxx:8:19: error: ‘Q_WS_WIN’ was not declared in this scope
   return ((int*)(&Q_WS_WIN))[argc];
                   ^
make[2]: *** [CMakeFiles/cmTryCompileExec446149384.dir/CheckSymbolExists.cxx.o] Error 1
make[2]: Leaving directory `/tmp/smartdec/build/CMakeFiles/CMakeTmp'
make[1]: *** [cmTryCompileExec446149384/fast] Error 2
make[1]: Leaving directory `/tmp/smartdec/build/CMakeFiles/CMakeTmp'

File /tmp/smartdec/build/CMakeFiles/CMakeTmp/CheckSymbolExists.cxx:
/* */
#include <QtCore/qglobal.h>

int main(int argc, char** argv)
{
  (void)argv;
#ifndef Q_WS_WIN
  return ((int*)(&Q_WS_WIN))[argc];
#else
  (void)argc;
  return 0;
#endif
}

Determining if the Q_WS_QWS exist failed with the following output:
Change Dir: /tmp/smartdec/build/CMakeFiles/CMakeTmp

Run Build Command:/usr/bin/make "cmTryCompileExec3229443743/fast"
make[1]: Entering directory `/tmp/smartdec/build/CMakeFiles/CMakeTmp'
/usr/bin/make -f CMakeFiles/cmTryCompileExec3229443743.dir/build.make CMakeFiles/cmTryCompileExec3229443743.dir/build
make[2]: Entering directory `/tmp/smartdec/build/CMakeFiles/CMakeTmp'
/usr/bin/cmake -E cmake_progress_report /tmp/smartdec/build/CMakeFiles/CMakeTmp/CMakeFiles 1
Building CXX object CMakeFiles/cmTryCompileExec3229443743.dir/CheckSymbolExists.cxx.o
/usr/bin/c++    -std=c++11  -I/usr/include/qt4    -o CMakeFiles/cmTryCompileExec3229443743.dir/CheckSymbolExists.cxx.o -c /tmp/smartdec/build/CMakeFiles/CMakeTmp/CheckSymbolExists.cxx
/tmp/smartdec/build/CMakeFiles/CMakeTmp/CheckSymbolExists.cxx: In function ‘int main(int, char**)’:
/tmp/smartdec/build/CMakeFiles/CMakeTmp/CheckSymbolExists.cxx:8:19: error: ‘Q_WS_QWS’ was not declared in this scope
   return ((int*)(&Q_WS_QWS))[argc];
                   ^
make[2]: *** [CMakeFiles/cmTryCompileExec3229443743.dir/CheckSymbolExists.cxx.o] Error 1
make[2]: Leaving directory `/tmp/smartdec/build/CMakeFiles/CMakeTmp'
make[1]: *** [cmTryCompileExec3229443743/fast] Error 2
make[1]: Leaving directory `/tmp/smartdec/build/CMakeFiles/CMakeTmp'

File /tmp/smartdec/build/CMakeFiles/CMakeTmp/CheckSymbolExists.cxx:
/* */
#include <QtCore/qglobal.h>

int main(int argc, char** argv)
{
  (void)argv;
#ifndef Q_WS_QWS
  return ((int*)(&Q_WS_QWS))[argc];
#else
  (void)argc;
  return 0;
#endif
}

Determining if the Q_WS_MAC exist failed with the following output:
Change Dir: /tmp/smartdec/build/CMakeFiles/CMakeTmp

Run Build Command:/usr/bin/make "cmTryCompileExec1415751908/fast"
make[1]: Entering directory `/tmp/smartdec/build/CMakeFiles/CMakeTmp'
/usr/bin/make -f CMakeFiles/cmTryCompileExec1415751908.dir/build.make CMakeFiles/cmTryCompileExec1415751908.dir/build
make[2]: Entering directory `/tmp/smartdec/build/CMakeFiles/CMakeTmp'
/usr/bin/cmake -E cmake_progress_report /tmp/smartdec/build/CMakeFiles/CMakeTmp/CMakeFiles 1
Building CXX object CMakeFiles/cmTryCompileExec1415751908.dir/CheckSymbolExists.cxx.o
/usr/bin/c++    -std=c++11  -I/usr/include/qt4    -o CMakeFiles/cmTryCompileExec1415751908.dir/CheckSymbolExists.cxx.o -c /tmp/smartdec/build/CMakeFiles/CMakeTmp/CheckSymbolExists.cxx
/tmp/smartdec/build/CMakeFiles/CMakeTmp/CheckSymbolExists.cxx: In function ‘int main(int, char**)’:
/tmp/smartdec/build/CMakeFiles/CMakeTmp/CheckSymbolExists.cxx:8:19: error: ‘Q_WS_MAC’ was not declared in this scope
   return ((int*)(&Q_WS_MAC))[argc];
                   ^
make[2]: *** [CMakeFiles/cmTryCompileExec1415751908.dir/CheckSymbolExists.cxx.o] Error 1
make[2]: Leaving directory `/tmp/smartdec/build/CMakeFiles/CMakeTmp'
make[1]: *** [cmTryCompileExec1415751908/fast] Error 2
make[1]: Leaving directory `/tmp/smartdec/build/CMakeFiles/CMakeTmp'

File /tmp/smartdec/build/CMakeFiles/CMakeTmp/CheckSymbolExists.cxx:
/* */
#include <QtCore/qglobal.h>

int main(int argc, char** argv)
{
  (void)argv;
#ifndef Q_WS_MAC
  return ((int*)(&Q_WS_MAC))[argc];
#else
  (void)argc;
  return 0;
#endif
}

