This file contains any messages produced by compilers while
running configure, to aid debugging if configure makes a mistake.

It was created by stegdetect.c configure 0.6, which was
generated by GNU Autoconf 2.52.  Invocation command line was

  $ ./configure 

## ---------- ##
## Platform.  ##
## ---------- ##

hostname = box1042.localdomain
uname -m = i686
uname -r = 3.13.0-83-generic
uname -s = Linux
uname -v = #127-Ubuntu SMP Fri Mar 11 00:25:37 UTC 2016

/usr/bin/uname -p = unknown
/bin/uname -X     = unknown

/bin/arch              = unknown
/usr/bin/arch -k       = unknown
/usr/convex/getsysinfo = unknown
hostinfo               = unknown
/bin/machine           = unknown
/usr/bin/oslevel       = unknown
/bin/universe          = unknown

PATH = /usr/local/sbin:/usr/local/bin:/usr/sbin:/usr/bin:/sbin:/bin

## ------------ ##
## Core tests.  ##
## ------------ ##

configure:979: PATH=".;."; conftest.sh
./configure: 980: ./configure: conftest.sh: not found
configure:982: $? = 127
configure:1022: checking build system type
configure:1040: result: i686-pc-linux-gnu
configure:1047: checking host system type
configure:1061: result: i686-pc-linux-gnu
configure:1068: checking target system type
configure:1082: result: i686-pc-linux-gnu
configure:1109: checking for a BSD compatible install
configure:1158: result: /usr/bin/install -c
configure:1169: checking whether build environment is sane
configure:1212: result: yes
configure:1227: checking whether make sets ${MAKE}
configure:1247: result: yes
configure:1275: checking for working aclocal-1.4
configure:1286: result: missing
configure:1290: checking for working autoconf
configure:1297: result: found
configure:1305: checking for working automake-1.4
configure:1316: result: missing
configure:1320: checking for working autoheader
configure:1327: result: found
configure:1335: checking for working makeinfo
configure:1346: result: missing
configure:1407: checking for g++
configure:1422: found /usr/bin/g++
configure:1430: result: g++
configure:1445: checking for C++ compiler version
configure:1448: g++ --version </dev/null >&5
g++ (Ubuntu 4.8.4-2ubuntu1~14.04.1) 4.8.4
Copyright (C) 2013 Free Software Foundation, Inc.
This is free software; see the source for copying conditions.  There is NO
warranty; not even for MERCHANTABILITY or FITNESS FOR A PARTICULAR PURPOSE.

configure:1451: $? = 0
configure:1453: g++ -v </dev/null >&5
Using built-in specs.
COLLECT_GCC=g++
COLLECT_LTO_WRAPPER=/usr/lib/gcc/x86_64-linux-gnu/4.8/lto-wrapper
Target: x86_64-linux-gnu
Configured with: ../src/configure -v --with-pkgversion='Ubuntu 4.8.4-2ubuntu1~14.04.1' --with-bugurl=file:///usr/share/doc/gcc-4.8/README.Bugs --enable-languages=c,c++,java,go,d,fortran,objc,obj-c++ --prefix=/usr --program-suffix=-4.8 --enable-shared --enable-linker-build-id --libexecdir=/usr/lib --without-included-gettext --enable-threads=posix --with-gxx-include-dir=/usr/include/c++/4.8 --libdir=/usr/lib --enable-nls --with-sysroot=/ --enable-clocale=gnu --enable-libstdcxx-debug --enable-libstdcxx-time=yes --enable-gnu-unique-object --disable-libmudflap --enable-plugin --with-system-zlib --disable-browser-plugin --enable-java-awt=gtk --enable-gtk-cairo --with-java-home=/usr/lib/jvm/java-1.5.0-gcj-4.8-amd64/jre --enable-java-home --with-jvm-root-dir=/usr/lib/jvm/java-1.5.0-gcj-4.8-amd64 --with-jvm-jar-dir=/usr/lib/jvm-exports/java-1.5.0-gcj-4.8-amd64 --with-arch-directory=amd64 --with-ecj-jar=/usr/share/java/eclipse-ecj.jar --enable-objc-gc --enable-multiarch --disable-werror --with-arch-32=i686 --with-abi=m64 --with-multilib-list=m32,m64,mx32 --with-tune=generic --enable-checking=release --build=x86_64-linux-gnu --host=x86_64-linux-gnu --target=x86_64-linux-gnu
Thread model: posix
gcc version 4.8.4 (Ubuntu 4.8.4-2ubuntu1~14.04.1) 
configure:1456: $? = 0
configure:1458: g++ -V </dev/null >&5
g++: error: unrecognized command line option '-V'
g++: fatal error: no input files
compilation terminated.
configure:1461: $? = 4
configure:1481: checking for C++ compiler default output
configure:1484: g++    conftest.cc  >&5
configure:1487: $? = 0
configure:1516: result: a.out
configure:1521: checking whether the C++ compiler works
configure:1527: ./a.out
configure:1530: $? = 0
configure:1545: result: yes
configure:1552: checking whether we are cross compiling
configure:1554: result: no
configure:1557: checking for executable suffix
configure:1559: g++ -o conftest    conftest.cc  >&5
configure:1562: $? = 0
configure:1584: result: 
configure:1590: checking for object suffix
configure:1608: g++ -c   conftest.cc >&5
configure:1611: $? = 0
configure:1630: result: o
configure:1634: checking whether we are using the GNU C++ compiler
configure:1655: g++ -c   conftest.cc >&5
configure:1658: $? = 0
configure:1661: test -s conftest.o
configure:1664: $? = 0
configure:1676: result: yes
configure:1682: checking whether g++ accepts -g
configure:1700: g++ -c -g  conftest.cc >&5
configure:1703: $? = 0
configure:1706: test -s conftest.o
configure:1709: $? = 0
configure:1719: result: yes
configure:1759: g++ -c -g -O2  conftest.cc >&5
configure:1762: $? = 0
configure:1765: test -s conftest.o
configure:1768: $? = 0
configure:1790: g++ -c -g -O2  conftest.cc >&5
configure: In function 'int main()':
configure:1783:9: error: 'exit' was not declared in this scope
 {
         ^
configure:1793: $? = 1
configure: failed program was:
#line 1778 "configure"
#include "confdefs.h"

int
main ()
{
exit (42);
  ;
  return 0;
}
configure:1759: g++ -c -g -O2  conftest.cc >&5
configure:1762: $? = 0
configure:1765: test -s conftest.o
configure:1768: $? = 0
configure:1790: g++ -c -g -O2  conftest.cc >&5
configure:1793: $? = 0
configure:1796: test -s conftest.o
configure:1799: $? = 0
configure:1864: checking for gcc
configure:1879: found /usr/bin/gcc
configure:1887: result: gcc
configure:2115: checking for C compiler version
configure:2118: gcc --version </dev/null >&5
gcc (Ubuntu 4.8.4-2ubuntu1~14.04.1) 4.8.4
Copyright (C) 2013 Free Software Foundation, Inc.
This is free software; see the source for copying conditions.  There is NO
warranty; not even for MERCHANTABILITY or FITNESS FOR A PARTICULAR PURPOSE.

configure:2121: $? = 0
configure:2123: gcc -v </dev/null >&5
Using built-in specs.
COLLECT_GCC=gcc
COLLECT_LTO_WRAPPER=/usr/lib/gcc/x86_64-linux-gnu/4.8/lto-wrapper
Target: x86_64-linux-gnu
Configured with: ../src/configure -v --with-pkgversion='Ubuntu 4.8.4-2ubuntu1~14.04.1' --with-bugurl=file:///usr/share/doc/gcc-4.8/README.Bugs --enable-languages=c,c++,java,go,d,fortran,objc,obj-c++ --prefix=/usr --program-suffix=-4.8 --enable-shared --enable-linker-build-id --libexecdir=/usr/lib --without-included-gettext --enable-threads=posix --with-gxx-include-dir=/usr/include/c++/4.8 --libdir=/usr/lib --enable-nls --with-sysroot=/ --enable-clocale=gnu --enable-libstdcxx-debug --enable-libstdcxx-time=yes --enable-gnu-unique-object --disable-libmudflap --enable-plugin --with-system-zlib --disable-browser-plugin --enable-java-awt=gtk --enable-gtk-cairo --with-java-home=/usr/lib/jvm/java-1.5.0-gcj-4.8-amd64/jre --enable-java-home --with-jvm-root-dir=/usr/lib/jvm/java-1.5.0-gcj-4.8-amd64 --with-jvm-jar-dir=/usr/lib/jvm-exports/java-1.5.0-gcj-4.8-amd64 --with-arch-directory=amd64 --with-ecj-jar=/usr/share/java/eclipse-ecj.jar --enable-objc-gc --enable-multiarch --disable-werror --with-arch-32=i686 --with-abi=m64 --with-multilib-list=m32,m64,mx32 --with-tune=generic --enable-checking=release --build=x86_64-linux-gnu --host=x86_64-linux-gnu --target=x86_64-linux-gnu
Thread model: posix
gcc version 4.8.4 (Ubuntu 4.8.4-2ubuntu1~14.04.1) 
configure:2126: $? = 0
configure:2128: gcc -V </dev/null >&5
gcc: error: unrecognized command line option '-V'
gcc: fatal error: no input files
compilation terminated.
configure:2131: $? = 4
configure:2134: checking whether we are using the GNU C compiler
configure:2155: gcc -c   conftest.c >&5
configure:2158: $? = 0
configure:2161: test -s conftest.o
configure:2164: $? = 0
configure:2176: result: yes
configure:2182: checking whether gcc accepts -g
configure:2200: gcc -c -g  conftest.c >&5
configure:2203: $? = 0
configure:2206: test -s conftest.o
configure:2209: $? = 0
configure:2219: result: yes
configure:2246: gcc -c -g -O2  conftest.c >&5
conftest.c:2:3: error: unknown type name 'choke'
   choke me
   ^
conftest.c:2:3: error: expected '=', ',', ';', 'asm' or '__attribute__' at end of input
configure:2249: $? = 1
configure: failed program was:
#ifndef __cplusplus
  choke me
#endif
configure:2347: checking for gcc option to accept ANSI C
configure:2404: gcc  -c -g -O2  conftest.c >&5
configure:2407: $? = 0
configure:2410: test -s conftest.o
configure:2413: $? = 0
configure:2430: result: none needed
configure:2438: checking for inline
configure:2455: gcc -c -g -O2  conftest.c >&5
configure:2458: $? = 0
configure:2461: test -s conftest.o
configure:2464: $? = 0
configure:2475: result: inline
configure:2502: checking for a BSD compatible install
configure:2551: result: /usr/bin/install -c
configure:2562: checking blowfish object
configure:2571: result: bf_enc.o
configure:2578: checking for gtk-config
configure:2609: result: no
configure:2682: checking how to run the C preprocessor
configure:2708: gcc -E  conftest.c
configure:2714: $? = 0
configure:2741: gcc -E  conftest.c
configure:2738:28: fatal error: ac_nonexistent.h: No such file or directory
 #include "confdefs.h"
                            ^
compilation terminated.
configure:2747: $? = 1
configure: failed program was:
#line 2737 "configure"
#include "confdefs.h"
#include <ac_nonexistent.h>
configure:2784: result: gcc -E
configure:2799: gcc -E  conftest.c
configure:2805: $? = 0
configure:2832: gcc -E  conftest.c
configure:2829:28: fatal error: ac_nonexistent.h: No such file or directory
 #include "confdefs.h"
                            ^
compilation terminated.
configure:2838: $? = 1
configure: failed program was:
#line 2828 "configure"
#include "confdefs.h"
#include <ac_nonexistent.h>
configure:2877: checking for ANSI C header files
configure:2891: gcc -E  conftest.c
configure:2897: $? = 0
configure:2984: gcc -o conftest -g -O2   conftest.c  >&5
configure: In function 'main':
configure:2976:7: warning: incompatible implicit declaration of built-in function 'exit' [enabled by default]
   for (i = 0; i < 256; i++)
       ^
configure:2987: $? = 0
configure:2989: ./conftest
configure:2992: $? = 0
configure:3005: result: yes
configure:3021: checking for sys/types.h
configure:3033: gcc -c -g -O2  conftest.c >&5
configure:3036: $? = 0
configure:3039: test -s conftest.o
configure:3042: $? = 0
configure:3052: result: yes
configure:3021: checking for sys/stat.h
configure:3033: gcc -c -g -O2  conftest.c >&5
configure:3036: $? = 0
configure:3039: test -s conftest.o
configure:3042: $? = 0
configure:3052: result: yes
configure:3021: checking for stdlib.h
configure:3033: gcc -c -g -O2  conftest.c >&5
configure:3036: $? = 0
configure:3039: test -s conftest.o
configure:3042: $? = 0
configure:3052: result: yes
configure:3021: checking for string.h
configure:3033: gcc -c -g -O2  conftest.c >&5
configure:3036: $? = 0
configure:3039: test -s conftest.o
configure:3042: $? = 0
configure:3052: result: yes
configure:3021: checking for memory.h
configure:3033: gcc -c -g -O2  conftest.c >&5
configure:3036: $? = 0
configure:3039: test -s conftest.o
configure:3042: $? = 0
configure:3052: result: yes
configure:3021: checking for strings.h
configure:3033: gcc -c -g -O2  conftest.c >&5
configure:3036: $? = 0
configure:3039: test -s conftest.o
configure:3042: $? = 0
configure:3052: result: yes
configure:3021: checking for inttypes.h
configure:3033: gcc -c -g -O2  conftest.c >&5
configure:3036: $? = 0
configure:3039: test -s conftest.o
configure:3042: $? = 0
configure:3052: result: yes
configure:3021: checking for stdint.h
configure:3033: gcc -c -g -O2  conftest.c >&5
configure:3036: $? = 0
configure:3039: test -s conftest.o
configure:3042: $? = 0
configure:3052: result: yes
configure:3021: checking for unistd.h
configure:3033: gcc -c -g -O2  conftest.c >&5
configure:3036: $? = 0
configure:3039: test -s conftest.o
configure:3042: $? = 0
configure:3052: result: yes
configure:3062: checking for size_t
configure:3083: gcc -c -g -O2  conftest.c >&5
configure:3086: $? = 0
configure:3089: test -s conftest.o
configure:3092: $? = 0
configure:3102: result: yes
configure:3114: checking for u_int32_t
configure:3135: gcc -c -g -O2  conftest.c >&5
configure:3138: $? = 0
configure:3141: test -s conftest.o
configure:3144: $? = 0
configure:3154: result: yes
configure:3166: checking for u_int16_t
configure:3187: gcc -c -g -O2  conftest.c >&5
configure:3190: $? = 0
configure:3193: test -s conftest.o
configure:3196: $? = 0
configure:3206: result: yes
configure:3218: checking for u_int8_t
configure:3239: gcc -c -g -O2  conftest.c >&5
configure:3242: $? = 0
configure:3245: test -s conftest.o
configure:3248: $? = 0
configure:3258: result: yes
configure:3273: checking for strlcat
configure:3310: gcc -o conftest -g -O2   conftest.c  >&5
/tmp/cczztMyO.o: In function `main':
/tmp/stegdetect/configure:3301: undefined reference to `strlcat'
collect2: error: ld returned 1 exit status
configure:3313: $? = 1
configure: failed program was:
#line 3279 "configure"
#include "confdefs.h"
/* System header to define __stub macros and hopefully few prototypes,
    which can conflict with char strlcat (); below.  */
#include <assert.h>
/* Override any gcc2 internal prototype to avoid an error.  */
#ifdef __cplusplus
extern "C"
#endif
/* We use char because int might match the return type of a gcc2
   builtin and then its argument prototype would still apply.  */
char strlcat ();
char (*f) ();

int
main ()
{
/* The GNU C library defines this for functions which it implements
    to always fail with ENOSYS.  Some functions are actually named
    something starting with __ and the normal name is an alias.  */
#if defined (__stub_strlcat) || defined (__stub___strlcat)
choke me
#else
f = strlcat;
#endif

  ;
  return 0;
}
configure:3329: result: no
configure:3273: checking for strlcpy
configure:3310: gcc -o conftest -g -O2   conftest.c  >&5
/tmp/ccERGS5Q.o: In function `main':
/tmp/stegdetect/configure:3301: undefined reference to `strlcpy'
collect2: error: ld returned 1 exit status
configure:3313: $? = 1
configure: failed program was:
#line 3279 "configure"
#include "confdefs.h"
/* System header to define __stub macros and hopefully few prototypes,
    which can conflict with char strlcpy (); below.  */
#include <assert.h>
/* Override any gcc2 internal prototype to avoid an error.  */
#ifdef __cplusplus
extern "C"
#endif
/* We use char because int might match the return type of a gcc2
   builtin and then its argument prototype would still apply.  */
char strlcpy ();
char (*f) ();

int
main ()
{
/* The GNU C library defines this for functions which it implements
    to always fail with ENOSYS.  Some functions are actually named
    something starting with __ and the normal name is an alias.  */
#if defined (__stub_strlcpy) || defined (__stub___strlcpy)
choke me
#else
f = strlcpy;
#endif

  ;
  return 0;
}
configure:3329: result: no
configure:3273: checking for dirname
configure:3310: gcc -o conftest -g -O2   conftest.c  >&5
configure:3313: $? = 0
configure:3316: test -s conftest
configure:3319: $? = 0
configure:3329: result: yes
configure:3342: checking for working dirname
configure:3364: gcc -o conftest -g -O2   conftest.c  >&5
configure: In function 'main':
configure:3358:4: warning: assignment makes pointer from integer without a cast [enabled by default]
  int len = strlen(name);
    ^
configure:3359:2: warning: incompatible implicit declaration of built-in function 'exit' [enabled by default]
  p = dirname(name);
  ^
configure:3367: $? = 0
configure:3369: ./conftest
Segmentation fault (core dumped)
configure:3372: $? = 139
configure: program exited with status 139
configure: failed program was:
#line 3349 "configure"
#include "confdefs.h"
#include <sys/types.h>
#include <string.h>
int
main(int argc, char **argv)
{
	char *name = "solaris/sucks";
	char *p;
	int len = strlen(name);
	p = dirname(name);
	exit(len != strlen(name));
}
configure:3381: result: no
configure:3393: checking for strerror
configure:3430: gcc -o conftest -g -O2   conftest.c  >&5
configure:3433: $? = 0
configure:3436: test -s conftest
configure:3439: $? = 0
configure:3449: result: yes
configure:3464: checking for MD5Update
configure:3501: gcc -o conftest -g -O2   conftest.c  >&5
/tmp/ccrVboUa.o: In function `main':
/tmp/stegdetect/configure:3492: undefined reference to `MD5Update'
collect2: error: ld returned 1 exit status
configure:3504: $? = 1
configure: failed program was:
#line 3470 "configure"
#include "confdefs.h"
/* System header to define __stub macros and hopefully few prototypes,
    which can conflict with char MD5Update (); below.  */
#include <assert.h>
/* Override any gcc2 internal prototype to avoid an error.  */
#ifdef __cplusplus
extern "C"
#endif
/* We use char because int might match the return type of a gcc2
   builtin and then its argument prototype would still apply.  */
char MD5Update ();
char (*f) ();

int
main ()
{
/* The GNU C library defines this for functions which it implements
    to always fail with ENOSYS.  Some functions are actually named
    something starting with __ and the normal name is an alias.  */
#if defined (__stub_MD5Update) || defined (__stub___MD5Update)
choke me
#else
f = MD5Update;
#endif

  ;
  return 0;
}
configure:3520: result: no
configure:3540: checking for warnx
configure:3577: gcc -o conftest -g -O2   conftest.c  >&5
configure:3580: $? = 0
configure:3583: test -s conftest
configure:3586: $? = 0
configure:3596: result: yes
configure:3612: checking for timeradd in sys/time.h
configure:3630: result: yes
configure:3643: checking whether byte ordering is bigendian
configure:3668: gcc -c -g -O2  conftest.c >&5
configure:3671: $? = 0
configure:3674: test -s conftest.o
configure:3677: $? = 0
configure:3698: gcc -c -g -O2  conftest.c >&5
configure: In function 'main':
configure:3689:2: error: unknown type name 'not'
 #if BYTE_ORDER != BIG_ENDIAN
  ^
configure:3689:10: error: expected '=', ',', ';', 'asm' or '__attribute__' before 'endian'
 #if BYTE_ORDER != BIG_ENDIAN
          ^
configure:3701: $? = 1
configure: failed program was:
#line 3681 "configure"
#include "confdefs.h"
#include <sys/types.h>
#include <sys/param.h>

int
main ()
{
#if BYTE_ORDER != BIG_ENDIAN
 not big endian
#endif

  ;
  return 0;
}
configure:3765: result: no
configure:3857: creating ./config.status

## ----------------------- ##
## Running config.status.  ##
## ----------------------- ##

This file was extended by config.status (stegdetect.c 0.6) 2.52, executed with
  CONFIG_FILES    = 
  CONFIG_HEADERS  = 
  CONFIG_LINKS    = 
  CONFIG_COMMANDS = 
  > ./config.status 
on box1042.localdomain

config.status:4336: creating Makefile
config.status:4428: creating config.h
config.status:4569: config.h is unchanged
configure:4687: configuring in jpeg-6b
configure:4754: running /bin/sh './configure'  --cache-file=/dev/null --srcdir=.
configure:4687: configuring in file
configure:4754: running /bin/sh './configure'  --cache-file=/dev/null --srcdir=.

## ----------------- ##
## Cache variables.  ##
## ----------------- ##

ac_cv_build='i686-pc-linux-gnu'
ac_cv_build_alias='i686-pc-linux-gnu'
ac_cv_c_bigendian='no'
ac_cv_c_compiler_gnu='yes'
ac_cv_c_inline='inline'
ac_cv_cxx_compiler_gnu='yes'
ac_cv_env_CC_set=''
ac_cv_env_CC_value=''
ac_cv_env_CFLAGS_set=''
ac_cv_env_CFLAGS_value=''
ac_cv_env_CPPFLAGS_set=''
ac_cv_env_CPPFLAGS_value=''
ac_cv_env_CPP_set=''
ac_cv_env_CPP_value=''
ac_cv_env_CXXFLAGS_set=''
ac_cv_env_CXXFLAGS_value=''
ac_cv_env_CXX_set=''
ac_cv_env_CXX_value=''
ac_cv_env_LDFLAGS_set=''
ac_cv_env_LDFLAGS_value=''
ac_cv_env_build_alias_set=''
ac_cv_env_build_alias_value=''
ac_cv_env_host_alias_set=''
ac_cv_env_host_alias_value=''
ac_cv_env_target_alias_set=''
ac_cv_env_target_alias_value=''
ac_cv_func_MD5Update='no'
ac_cv_func_dirname='yes'
ac_cv_func_strerror='yes'
ac_cv_func_strlcat='no'
ac_cv_func_strlcpy='no'
ac_cv_func_warnx='yes'
ac_cv_header_inttypes_h='yes'
ac_cv_header_memory_h='yes'
ac_cv_header_stdc='yes'
ac_cv_header_stdint_h='yes'
ac_cv_header_stdlib_h='yes'
ac_cv_header_string_h='yes'
ac_cv_header_strings_h='yes'
ac_cv_header_sys_stat_h='yes'
ac_cv_header_sys_types_h='yes'
ac_cv_header_unistd_h='yes'
ac_cv_host='i686-pc-linux-gnu'
ac_cv_host_alias='i686-pc-linux-gnu'
ac_cv_objext='o'
ac_cv_path_install='/usr/bin/install -c'
ac_cv_prog_CPP='gcc -E'
ac_cv_prog_ac_ct_CC='gcc'
ac_cv_prog_ac_ct_CXX='g++'
ac_cv_prog_cc_g='yes'
ac_cv_prog_cc_stdc=''
ac_cv_prog_cxx_g='yes'
ac_cv_prog_make_make_set='yes'
ac_cv_target='i686-pc-linux-gnu'
ac_cv_target_alias='i686-pc-linux-gnu'
ac_cv_type_size_t='yes'
ac_cv_type_u_int16_t='yes'
ac_cv_type_u_int32_t='yes'
ac_cv_type_u_int8_t='yes'

## ------------ ##
## confdefs.h.  ##
## ------------ ##

#define PACKAGE "stegdetect"
#define VERSION "0.6"
#ifdef __cplusplus
#include <stdlib.h>
#endif
#define STDC_HEADERS 1
#define HAVE_SYS_TYPES_H 1
#define HAVE_SYS_STAT_H 1
#define HAVE_STDLIB_H 1
#define HAVE_STRING_H 1
#define HAVE_MEMORY_H 1
#define HAVE_STRINGS_H 1
#define HAVE_INTTYPES_H 1
#define HAVE_STDINT_H 1
#define HAVE_UNISTD_H 1
#define HAVE_DIRNAME 1
#define HAVE_STRERROR 1
#define HAVE_WARNX 1
#define HAVE_TIMERADD 1
#define _PATH_RULES "/usr/local/share/stegbreak/rules.ini"


configure: exit 0
